[2024-02-14 13:49:16,428] {manager.py:474} INFO - Processing files using up to 2 processes at a time 
[2024-02-14 13:49:16,434] {manager.py:475} INFO - Process each file at most once every 30 seconds
[2024-02-14 13:49:16,479] {manager.py:477} INFO - Checking for new files in /opt/airflow/dags every 300 seconds
[2024-02-14 13:49:16,482] {manager.py:684} INFO - Searching for files in /opt/airflow/dags
[2024-02-14 13:49:16,504] {manager.py:687} INFO - There are 0 files in /opt/airflow/dags
[2024-02-14 13:54:17,464] {manager.py:684} INFO - Searching for files in /opt/airflow/dags
[2024-02-14 13:54:17,510] {manager.py:687} INFO - There are 0 files in /opt/airflow/dags
[2024-02-14 13:59:18,388] {manager.py:684} INFO - Searching for files in /opt/airflow/dags
[2024-02-14 13:59:18,908] {manager.py:687} INFO - There are 0 files in /opt/airflow/dags
[2024-02-14 14:04:18,683] {manager.py:684} INFO - Searching for files in /opt/airflow/dags
[2024-02-14 14:04:19,044] {manager.py:687} INFO - There are 1 files in /opt/airflow/dags
[2024-02-14 14:04:33,746] {manager.py:803} INFO - 
================================================================================
DAG File Processing Stats

File Path                           PID    Runtime      # DAGs    # Errors  Last Runtime    Last Run
----------------------------------  -----  ---------  --------  ----------  --------------  -------------------
/opt/airflow/dags/test_pipeline.py                           0           1  8.09s           2024-02-14T14:04:27
================================================================================
[2024-02-14 14:05:04,551] {manager.py:803} INFO - 
================================================================================
DAG File Processing Stats

File Path                           PID    Runtime      # DAGs    # Errors  Last Runtime    Last Run
----------------------------------  -----  ---------  --------  ----------  --------------  -------------------
/opt/airflow/dags/test_pipeline.py                           0           0  3.00s           2024-02-14T14:04:53
================================================================================
[2024-02-14 14:05:34,756] {manager.py:803} INFO - 
================================================================================
DAG File Processing Stats

File Path                           PID    Runtime      # DAGs    # Errors  Last Runtime    Last Run
----------------------------------  -----  ---------  --------  ----------  --------------  -------------------
/opt/airflow/dags/test_pipeline.py                           0           0  6.08s           2024-02-14T14:05:29
================================================================================
[2024-02-14 14:06:05,084] {manager.py:803} INFO - 
================================================================================
DAG File Processing Stats

File Path                           PID    Runtime      # DAGs    # Errors  Last Runtime    Last Run
----------------------------------  -----  ---------  --------  ----------  --------------  -------------------
/opt/airflow/dags/test_pipeline.py                           0           0  1.72s           2024-02-14T14:06:01
================================================================================
[2024-02-14 14:06:36,576] {manager.py:803} INFO - 
================================================================================
DAG File Processing Stats

File Path                           PID    Runtime      # DAGs    # Errors  Last Runtime    Last Run
----------------------------------  -----  ---------  --------  ----------  --------------  -------------------
/opt/airflow/dags/test_pipeline.py                           0           0  1.85s           2024-02-14T14:06:34
================================================================================
[2024-02-14 14:07:07,358] {manager.py:803} INFO - 
================================================================================
DAG File Processing Stats

File Path                           PID    Runtime      # DAGs    # Errors  Last Runtime    Last Run
----------------------------------  -----  ---------  --------  ----------  --------------  -------------------
/opt/airflow/dags/test_pipeline.py                           0           0  1.02s           2024-02-14T14:07:05
================================================================================
[2024-02-14 14:07:37,958] {manager.py:803} INFO - 
================================================================================
DAG File Processing Stats

File Path                             PID  Runtime      # DAGs    # Errors  Last Runtime    Last Run
----------------------------------  -----  ---------  --------  ----------  --------------  -------------------
/opt/airflow/dags/test_pipeline.py    200  2.41s             0           0  1.02s           2024-02-14T14:07:05
================================================================================
[2024-02-14 14:08:08,704] {manager.py:803} INFO - 
================================================================================
DAG File Processing Stats

File Path                           PID    Runtime      # DAGs    # Errors  Last Runtime    Last Run
----------------------------------  -----  ---------  --------  ----------  --------------  -------------------
/opt/airflow/dags/test_pipeline.py                           0           0  4.58s           2024-02-14T14:07:40
================================================================================
[2024-02-14 14:08:39,481] {manager.py:803} INFO - 
================================================================================
DAG File Processing Stats

File Path                           PID    Runtime      # DAGs    # Errors  Last Runtime    Last Run
----------------------------------  -----  ---------  --------  ----------  --------------  -------------------
/opt/airflow/dags/test_pipeline.py                           0           0  3.01s           2024-02-14T14:08:13
================================================================================
[2024-02-14 14:09:10,403] {manager.py:803} INFO - 
================================================================================
DAG File Processing Stats

File Path                           PID    Runtime      # DAGs    # Errors  Last Runtime    Last Run
----------------------------------  -----  ---------  --------  ----------  --------------  -------------------
/opt/airflow/dags/test_pipeline.py                           0           0  3.21s           2024-02-14T14:08:47
================================================================================
[2024-02-14 14:09:18,754] {manager.py:684} INFO - Searching for files in /opt/airflow/dags
[2024-02-14 14:09:18,775] {manager.py:687} INFO - There are 1 files in /opt/airflow/dags
[2024-02-14 14:09:41,533] {manager.py:803} INFO - 
================================================================================
DAG File Processing Stats

File Path                           PID    Runtime      # DAGs    # Errors  Last Runtime    Last Run
----------------------------------  -----  ---------  --------  ----------  --------------  -------------------
/opt/airflow/dags/test_pipeline.py                           1           0  6.13s           2024-02-14T14:09:17
================================================================================
[2024-02-14 14:10:11,880] {manager.py:803} INFO - 
================================================================================
DAG File Processing Stats

File Path                           PID    Runtime      # DAGs    # Errors  Last Runtime    Last Run
----------------------------------  -----  ---------  --------  ----------  --------------  -------------------
/opt/airflow/dags/test_pipeline.py                           1           0  4.52s           2024-02-14T14:09:52
================================================================================
[2024-02-14 14:10:42,119] {manager.py:803} INFO - 
================================================================================
DAG File Processing Stats

File Path                           PID    Runtime      # DAGs    # Errors  Last Runtime    Last Run
----------------------------------  -----  ---------  --------  ----------  --------------  -------------------
/opt/airflow/dags/test_pipeline.py                           1           0  5.96s           2024-02-14T14:10:29
================================================================================
[2024-02-14 14:11:12,397] {manager.py:803} INFO - 
================================================================================
DAG File Processing Stats

File Path                           PID    Runtime      # DAGs    # Errors  Last Runtime    Last Run
----------------------------------  -----  ---------  --------  ----------  --------------  -------------------
/opt/airflow/dags/test_pipeline.py                           1           0  2.56s           2024-02-14T14:11:02
================================================================================
[2024-02-14 14:11:42,933] {manager.py:803} INFO - 
================================================================================
DAG File Processing Stats

File Path                           PID    Runtime      # DAGs    # Errors  Last Runtime    Last Run
----------------------------------  -----  ---------  --------  ----------  --------------  -------------------
/opt/airflow/dags/test_pipeline.py                           1           0  2.73s           2024-02-14T14:11:35
================================================================================
[2024-02-14 14:12:13,495] {manager.py:803} INFO - 
================================================================================
DAG File Processing Stats

File Path                             PID  Runtime      # DAGs    # Errors  Last Runtime    Last Run
----------------------------------  -----  ---------  --------  ----------  --------------  -------------------
/opt/airflow/dags/test_pipeline.py    240  7.05s             1           0  2.73s           2024-02-14T14:11:35
================================================================================
[2024-02-14 14:12:43,661] {manager.py:803} INFO - 
================================================================================
DAG File Processing Stats

File Path                           PID    Runtime      # DAGs    # Errors  Last Runtime    Last Run
----------------------------------  -----  ---------  --------  ----------  --------------  -------------------
/opt/airflow/dags/test_pipeline.py                           1           0  7.97s           2024-02-14T14:12:14
================================================================================
[2024-02-14 14:13:14,237] {manager.py:803} INFO - 
================================================================================
DAG File Processing Stats

File Path                           PID    Runtime      # DAGs    # Errors  Last Runtime    Last Run
----------------------------------  -----  ---------  --------  ----------  --------------  -------------------
/opt/airflow/dags/test_pipeline.py                           1           0  5.39s           2024-02-14T14:12:50
================================================================================
[2024-02-14 14:13:45,055] {manager.py:803} INFO - 
================================================================================
DAG File Processing Stats

File Path                           PID    Runtime      # DAGs    # Errors  Last Runtime    Last Run
----------------------------------  -----  ---------  --------  ----------  --------------  -------------------
/opt/airflow/dags/test_pipeline.py                           1           0  3.27s           2024-02-14T14:13:23
================================================================================
[2024-02-14 14:14:15,757] {manager.py:803} INFO - 
================================================================================
DAG File Processing Stats

File Path                           PID    Runtime      # DAGs    # Errors  Last Runtime    Last Run
----------------------------------  -----  ---------  --------  ----------  --------------  -------------------
/opt/airflow/dags/test_pipeline.py                           1           0  1.24s           2024-02-14T14:13:55
================================================================================
[2024-02-14 14:14:18,795] {manager.py:684} INFO - Searching for files in /opt/airflow/dags
[2024-02-14 14:14:18,831] {manager.py:687} INFO - There are 1 files in /opt/airflow/dags
[2024-02-14 14:14:46,310] {manager.py:803} INFO - 
================================================================================
DAG File Processing Stats

File Path                           PID    Runtime      # DAGs    # Errors  Last Runtime    Last Run
----------------------------------  -----  ---------  --------  ----------  --------------  -------------------
/opt/airflow/dags/test_pipeline.py                           1           0  1.41s           2024-02-14T14:14:27
================================================================================
[2024-02-14 14:15:16,575] {manager.py:803} INFO - 
================================================================================
DAG File Processing Stats

File Path                           PID    Runtime      # DAGs    # Errors  Last Runtime    Last Run
----------------------------------  -----  ---------  --------  ----------  --------------  -------------------
/opt/airflow/dags/test_pipeline.py                           1           0  6.62s           2024-02-14T14:15:04
================================================================================
[2024-02-14 14:15:47,039] {manager.py:803} INFO - 
================================================================================
DAG File Processing Stats

File Path                           PID    Runtime      # DAGs    # Errors  Last Runtime    Last Run
----------------------------------  -----  ---------  --------  ----------  --------------  -------------------
/opt/airflow/dags/test_pipeline.py                           1           0  3.55s           2024-02-14T14:15:38
================================================================================
[2024-02-14 14:16:17,668] {manager.py:803} INFO - 
================================================================================
DAG File Processing Stats

File Path                             PID  Runtime      # DAGs    # Errors  Last Runtime    Last Run
----------------------------------  -----  ---------  --------  ----------  --------------  -------------------
/opt/airflow/dags/test_pipeline.py    275  7.85s             1           0  3.55s           2024-02-14T14:15:38
================================================================================
[2024-02-14 14:16:48,250] {manager.py:803} INFO - 
================================================================================
DAG File Processing Stats

File Path                           PID    Runtime      # DAGs    # Errors  Last Runtime    Last Run
----------------------------------  -----  ---------  --------  ----------  --------------  -------------------
/opt/airflow/dags/test_pipeline.py                           1           0  10.73s          2024-02-14T14:16:20
================================================================================
[2024-02-14 14:17:18,923] {manager.py:803} INFO - 
================================================================================
DAG File Processing Stats

File Path                           PID    Runtime      # DAGs    # Errors  Last Runtime    Last Run
----------------------------------  -----  ---------  --------  ----------  --------------  -------------------
/opt/airflow/dags/test_pipeline.py                           1           0  5.45s           2024-02-14T14:16:56
================================================================================
[2024-02-14 14:17:49,450] {manager.py:803} INFO - 
================================================================================
DAG File Processing Stats

File Path                           PID    Runtime      # DAGs    # Errors  Last Runtime    Last Run
----------------------------------  -----  ---------  --------  ----------  --------------  -------------------
/opt/airflow/dags/test_pipeline.py                           1           0  2.48s           2024-02-14T14:17:29
================================================================================
[2024-02-14 14:18:19,736] {manager.py:803} INFO - 
================================================================================
DAG File Processing Stats

File Path                           PID    Runtime      # DAGs    # Errors  Last Runtime    Last Run
----------------------------------  -----  ---------  --------  ----------  --------------  -------------------
/opt/airflow/dags/test_pipeline.py                           1           0  6.40s           2024-02-14T14:18:06
================================================================================
[2024-02-14 14:18:50,726] {manager.py:803} INFO - 
================================================================================
DAG File Processing Stats

File Path                           PID    Runtime      # DAGs    # Errors  Last Runtime    Last Run
----------------------------------  -----  ---------  --------  ----------  --------------  -------------------
/opt/airflow/dags/test_pipeline.py                           1           0  4.10s           2024-02-14T14:18:41
================================================================================
[2024-02-14 14:19:18,957] {manager.py:684} INFO - Searching for files in /opt/airflow/dags
[2024-02-14 14:19:18,984] {manager.py:687} INFO - There are 1 files in /opt/airflow/dags
[2024-02-14 14:19:21,237] {manager.py:803} INFO - 
================================================================================
DAG File Processing Stats

File Path                           PID    Runtime      # DAGs    # Errors  Last Runtime    Last Run
----------------------------------  -----  ---------  --------  ----------  --------------  -------------------
/opt/airflow/dags/test_pipeline.py                           1           0  2.45s           2024-02-14T14:19:14
================================================================================
[2024-02-14 14:19:32,710] {manager.py:455} INFO - Exiting gracefully upon receiving signal 15
